<?xml version="1.0" encoding="UTF-8"?>
<testng-results ignored="0" total="2" passed="2" failed="0" skipped="0">
  <reporter-output>
  </reporter-output>
  <suite started-at="2021-07-26T11:01:43Z" name="FREE CRM Application Test Automation Test Suite" finished-at="2021-07-26T11:02:09Z" duration-ms="25161">
    <groups>
    </groups>
    <test started-at="2021-07-26T11:01:43Z" name="Free CRM App Test Cases" finished-at="2021-07-26T11:02:09Z" duration-ms="25161">
      <class name="com.crm.qa.Testcases.LoginPageTest">
        <test-method is-config="true" signature="setUp()[pri:0, instance:com.crm.qa.Testcases.LoginPageTest@762ef0ea]" started-at="2021-07-26T16:31:43Z" name="setUp" finished-at="2021-07-26T16:31:54Z" duration-ms="10954" status="PASS">
          <reporter-output>
          </reporter-output>
        </test-method> <!-- setUp -->
        <test-method signature="loginTest()[pri:0, instance:com.crm.qa.Testcases.LoginPageTest@762ef0ea]" started-at="2021-07-26T16:31:54Z" name="loginTest" finished-at="2021-07-26T16:32:00Z" duration-ms="5481" status="PASS">
          <reporter-output>
          </reporter-output>
        </test-method> <!-- loginTest -->
        <test-method is-config="true" signature="tearDown()[pri:0, instance:com.crm.qa.Testcases.LoginPageTest@762ef0ea]" started-at="2021-07-26T16:32:00Z" name="tearDown" finished-at="2021-07-26T16:32:01Z" duration-ms="1186" status="PASS">
          <reporter-output>
          </reporter-output>
        </test-method> <!-- tearDown -->
        <test-method is-config="true" signature="setUp()[pri:0, instance:com.crm.qa.Testcases.LoginPageTest@762ef0ea]" started-at="2021-07-26T16:32:01Z" name="setUp" finished-at="2021-07-26T16:32:08Z" duration-ms="6455" status="PASS">
          <reporter-output>
          </reporter-output>
        </test-method> <!-- setUp -->
        <test-method signature="loginPageTitleTest()[pri:1, instance:com.crm.qa.Testcases.LoginPageTest@762ef0ea]" started-at="2021-07-26T16:32:08Z" name="loginPageTitleTest" finished-at="2021-07-26T16:32:08Z" duration-ms="127" status="PASS">
          <reporter-output>
          </reporter-output>
        </test-method> <!-- loginPageTitleTest -->
        <test-method is-config="true" signature="tearDown()[pri:0, instance:com.crm.qa.Testcases.LoginPageTest@762ef0ea]" started-at="2021-07-26T16:32:08Z" name="tearDown" finished-at="2021-07-26T16:32:09Z" duration-ms="878" status="PASS">
          <reporter-output>
          </reporter-output>
        </test-method> <!-- tearDown -->
      </class> <!-- com.crm.qa.Testcases.LoginPageTest -->
    </test> <!-- Free CRM App Test Cases -->
  </suite> <!-- FREE CRM Application Test Automation Test Suite -->
</testng-results>
